

***********************************************************************
Fatal NI connect error 12545, connecting to:
 (DESCRIPTION=(CONNECT_DATA=(SERVICE_NAME=)(CID=(PROGRAM=C:\oraclexe\app\oracle\product\10.2.0\server\bin\expdp.exe)(HOST=INFORMATION-PC)(USER=Information)))(ADDRESS=(PROTOCOL=TCP)(HOST=192.168.5.25)(PORT=1521:XE)))

  VERSION INFORMATION:
	TNS for 32-bit Windows: Version 10.2.0.1.0 - Production
	Windows NT TCP/IP NT Protocol Adapter for 32-bit Windows: Version 10.2.0.1.0 - Production
  Time: 13-JAN-2016 15:11:38
  Tracing not turned on.
  Tns error struct:
    ns main err code: 12545
    TNS-12545: Connect failed because target host or object does not exist
    ns secondary err code: 12560
    nt main err code: 515
    TNS-00515: Connect failed because target host or object does not exist
    nt secondary err code: 1004
    nt OS err code: 0


***********************************************************************
Fatal NI connect error 12545, connecting to:
 (DESCRIPTION=(CONNECT_DATA=(SERVICE_NAME=)(CID=(PROGRAM=C:\oraclexe\app\oracle\product\10.2.0\server\bin\expdp.exe)(HOST=INFORMATION-PC)(USER=Information)))(ADDRESS=(PROTOCOL=TCP)(HOST=192.168.5.25)(PORT=1521:XE)))

  VERSION INFORMATION:
	TNS for 32-bit Windows: Version 10.2.0.1.0 - Production
	Windows NT TCP/IP NT Protocol Adapter for 32-bit Windows: Version 10.2.0.1.0 - Production
  Time: 13-JAN-2016 15:11:51
  Tracing not turned on.
  Tns error struct:
    ns main err code: 12545
    TNS-12545: Connect failed because target host or object does not exist
    ns secondary err code: 12560
    nt main err code: 515
    TNS-00515: Connect failed because target host or object does not exist
    nt secondary err code: 1004
    nt OS err code: 0


***********************************************************************
Fatal NI connect error 12545, connecting to:
 (DESCRIPTION=(CONNECT_DATA=(SERVICE_NAME=)(CID=(PROGRAM=C:\oraclexe\app\oracle\product\10.2.0\server\bin\expdp.exe)(HOST=INFORMATION-PC)(USER=Information)))(ADDRESS=(PROTOCOL=TCP)(HOST=192.168.5.25)(PORT=1521:XE)))

  VERSION INFORMATION:
	TNS for 32-bit Windows: Version 10.2.0.1.0 - Production
	Windows NT TCP/IP NT Protocol Adapter for 32-bit Windows: Version 10.2.0.1.0 - Production
  Time: 13-JAN-2016 15:14:29
  Tracing not turned on.
  Tns error struct:
    ns main err code: 12545
    TNS-12545: Connect failed because target host or object does not exist
    ns secondary err code: 12560
    nt main err code: 515
    TNS-00515: Connect failed because target host or object does not exist
    nt secondary err code: 1004
    nt OS err code: 0
